<?xml version="1.0" encoding="UTF-8"?>
<testng-results skipped="0" failed="0" total="1" passed="1">
  <reporter-output>
  </reporter-output>
  <suite name="Default suite" duration-ms="26017" started-at="2016-06-15T11:56:46Z" finished-at="2016-06-15T11:57:12Z">
    <groups>
    </groups>
    <test name="Default test" duration-ms="26017" started-at="2016-06-15T11:56:46Z" finished-at="2016-06-15T11:57:12Z">
      <class name="TestNGOnePack.TestLog4J">
        <test-method status="PASS" signature="beforetest()[pri:0, instance:TestNGOnePack.TestLog4J@b91815]" name="beforetest" is-config="true" duration-ms="11876" started-at="2016-06-15T18:56:46Z" finished-at="2016-06-15T18:56:58Z">
          <reporter-output>
          </reporter-output>
        </test-method> <!-- beforetest -->
        <test-method status="PASS" signature="test()[pri:0, instance:TestNGOnePack.TestLog4J@b91815]" name="test" duration-ms="10252" started-at="2016-06-15T18:56:58Z" finished-at="2016-06-15T18:57:08Z">
          <reporter-output>
          </reporter-output>
        </test-method> <!-- test -->
        <test-method status="PASS" signature="aftertest()[pri:0, instance:TestNGOnePack.TestLog4J@b91815]" name="aftertest" is-config="true" duration-ms="3810" started-at="2016-06-15T18:57:08Z" finished-at="2016-06-15T18:57:12Z">
          <reporter-output>
          </reporter-output>
        </test-method> <!-- aftertest -->
      </class> <!-- TestNGOnePack.TestLog4J -->
    </test> <!-- Default test -->
  </suite> <!-- Default suite -->
</testng-results>
