<?xml version="1.0" encoding="UTF-8"?>
<testng-results skipped="0" failed="0" total="1" passed="1">
  <reporter-output>
  </reporter-output>
  <suite name="Default suite" duration-ms="12832" started-at="2016-06-20T11:45:23Z" finished-at="2016-06-20T11:45:36Z">
    <groups>
    </groups>
    <test name="Default test" duration-ms="12832" started-at="2016-06-20T11:45:23Z" finished-at="2016-06-20T11:45:36Z">
      <class name="ObjectRepo.CalcTest">
        <test-method status="PASS" signature="beforeTest()[pri:0, instance:ObjectRepo.CalcTest@b91815]" name="beforeTest" is-config="true" duration-ms="8204" started-at="2016-06-20T18:45:23Z" finished-at="2016-06-20T18:45:31Z">
          <reporter-output>
          </reporter-output>
        </test-method> <!-- beforeTest -->
        <test-method status="PASS" signature="Calc_operations()[pri:0, instance:ObjectRepo.CalcTest@b91815]" name="Calc_operations" duration-ms="2548" started-at="2016-06-20T18:45:31Z" finished-at="2016-06-20T18:45:34Z">
          <reporter-output>
          </reporter-output>
        </test-method> <!-- Calc_operations -->
        <test-method status="PASS" signature="afterTest()[pri:0, instance:ObjectRepo.CalcTest@b91815]" name="afterTest" is-config="true" duration-ms="1923" started-at="2016-06-20T18:45:34Z" finished-at="2016-06-20T18:45:36Z">
          <reporter-output>
          </reporter-output>
        </test-method> <!-- afterTest -->
      </class> <!-- ObjectRepo.CalcTest -->
    </test> <!-- Default test -->
  </suite> <!-- Default suite -->
</testng-results>
