<?xml version="1.0" encoding="UTF-8"?>
<!-- Generated by org.testng.reporters.JUnitXMLReporter -->
<testsuite hostname="LGVN11808" name="Default test" tests="1" failures="0" timestamp="10 Jun 2016 10:31:21 GMT" time="87.439" errors="0">
  <testcase name="@BeforeTest setup" time="0.0" classname="TestNGOnePack.RecordTest">
    <failure type="org.openqa.selenium.WebDriverException" message="Failed to connect to binary FirefoxBinary(C:\Program Files\Mozilla Firefox\firefox.exe) on port 7055; process output follows: 
sic/1.0&amp;quot;,&amp;quot;updateURL&amp;quot;:null,&amp;quot;updateKey&amp;quot;:null,&amp;quot;optionsURL&amp;quot;:null,&amp;quot;optionsType&amp;quot;:null,&amp;quot;aboutURL&amp;quot;:null,&amp;quot;icons&amp;quot;:{&amp;quot;32&amp;quot;:&amp;quot;icon.png&amp;quot;,&amp;quot;48&amp;quot;:&amp;quot;icon.png&amp;quot;},&amp;quot;iconURL&amp;quot;:null,&amp;quot;icon64URL&amp;quot;:null,&amp;quot;defaultLocale&amp;quot;:{&amp;quot;name&amp;quot;:&amp;quot;Default&amp;quot;,&amp;quot;description&amp;quot;:&amp;quot;The default theme.&amp;quot;,&amp;quot;creator&amp;quot;:&amp;quot;Mozilla&amp;quot;,&amp;quot;homepageURL&amp;quot;:null,&amp;quot;contributors&amp;quot;:[&amp;quot;Mozilla Contributors&amp;quot;]},&amp;quot;visible&amp;quot;:true,&amp;quot;active&amp;quot;:true,&amp;quot;userDisabled&amp;quot;:false,&amp;quot;appDisabled&amp;quot;:false,&amp;quot;descriptor&amp;quot;:&amp;quot;C:\\Program Files\\Mozilla Firefox\\browser\\extensions\\{972ce4c6-7e08-4474-a285-3208198ce6fd}.xpi&amp;quot;,&amp;quot;installDate&amp;quot;:1463461971367,&amp;quot;updateDate&amp;quot;:1463461971367,&amp;quot;applyBackgroundUpdates&amp;quot;:1,&amp;quot;skinnable&amp;quot;:true,&amp;quot;size&amp;quot;:22012,&amp;quot;sourceURI&amp;quot;:null,&amp;quot;releaseNotesURI&amp;quot;:null,&amp;quot;softDisabled&amp;quot;:false,&amp;quot;foreignInstall&amp;quot;:false,&amp;quot;hasBinaryComponents&amp;quot;:false,&amp;quot;strictCompatibility&amp;quot;:true,&amp;quot;locales&amp;quot;:[],&amp;quot;targetApplications&amp;quot;:[{&amp;quot;id&amp;quot;:&amp;quot;{ec8030f7-c20a-464f-9b0e-13a3a9e97384}&amp;quot;,&amp;quot;minVersion&amp;quot;:&amp;quot;46.0.1&amp;quot;,&amp;quot;maxVersion&amp;quot;:&amp;quot;46.0.1&amp;quot;}],&amp;quot;targetPlatforms&amp;quot;:[],&amp;quot;seen&amp;quot;:true}
1465554640787	addons.xpi	DEBUG	getModTime: Recursive scan of {972ce4c6-7e08-4474-a285-3208198ce6fd}
1465554640815	DeferredSave.extensions.json	DEBUG	Save changes
1465554640829	addons.xpi	DEBUG	Updating database with changes to installed add-ons
1465554640831	addons.xpi-utils	DEBUG	Updating add-on states
1465554640851	addons.xpi-utils	DEBUG	Writing add-ons list
1465554640908	addons.xpi	DEBUG	Registering manifest for C:\Program Files\Mozilla Firefox\browser\features\e10srollout@mozilla.org.xpi
1465554640912	addons.xpi	DEBUG	Calling bootstrap method startup on e10srollout@mozilla.org version 1.0
1465554640913	addons.xpi	DEBUG	Registering manifest for C:\Program Files\Mozilla Firefox\browser\features\firefox@getpocket.com.xpi
1465554640915	addons.xpi	DEBUG	Calling bootstrap method startup on firefox@getpocket.com version 1.0
1465554640921	addons.xpi	DEBUG	Registering manifest for C:\Program Files\Mozilla Firefox\browser\features\loop@mozilla.org.xpi
1465554640927	addons.xpi	DEBUG	Calling bootstrap method startup on loop@mozilla.org version 1.2.6
1465554641119	addons.manager	DEBUG	Registering shutdown blocker for XPIProvider
1465554641120	addons.manager	DEBUG	Provider finished startup: XPIProvider
1465554641120	addons.manager	DEBUG	Starting provider: LightweightThemeManager
1465554641121	addons.manager	DEBUG	Registering shutdown blocker for LightweightThemeManager
1465554641122	addons.manager	DEBUG	Provider finished startup: LightweightThemeManager
1465554641123	addons.manager	DEBUG	Starting provider: GMPProvider
1465554641152	addons.manager	DEBUG	Registering shutdown blocker for GMPProvider
1465554641153	addons.manager	DEBUG	Provider finished startup: GMPProvider
1465554641153	addons.manager	DEBUG	Starting provider: PluginProvider
1465554641155	addons.manager	DEBUG	Registering shutdown blocker for PluginProvider
1465554641157	addons.manager	DEBUG	Provider finished startup: PluginProvider
1465554641163	addons.manager	DEBUG	Completed startup sequence
1465554647879	addons.manager	DEBUG	Starting provider: &amp;lt;unnamed-provider&amp;gt;
1465554647879	addons.manager	DEBUG	Registering shutdown blocker for &amp;lt;unnamed-provider&amp;gt;
1465554647880	addons.manager	DEBUG	Provider finished startup: &amp;lt;unnamed-provider&amp;gt;
1465554652958	DeferredSave.extensions.json	DEBUG	Write succeeded
1465554652959	addons.xpi-utils	DEBUG	XPI Database saved, setting schema version preference to 17
1465554652961	DeferredSave.extensions.json	DEBUG	Starting timer
1465554653011	DeferredSave.extensions.json	DEBUG	Starting write
1465554653119	addons.repository	DEBUG	No addons.json found.
1465554653146	DeferredSave.addons.json	DEBUG	Save changes
1465554653182	DeferredSave.addons.json	DEBUG	Starting timer
1465554654326	addons.manager	DEBUG	Starting provider: PreviousExperimentProvider
1465554654331	addons.manager	DEBUG	Registering shutdown blocker for PreviousExperimentProvider
1465554654336	addons.manager	DEBUG	Provider finished startup: PreviousExperimentProvider
1465554654360	DeferredSave.addons.json	DEBUG	Starting write
1465554654480	DeferredSave.extensions.json	DEBUG	Write succeeded
1465554655083	DeferredSave.addons.json	DEBUG	Write succeeded

Build info: version: &amp;apos;2.52.0&amp;apos;, revision: &amp;apos;4c2593c&amp;apos;, time: &amp;apos;2016-02-11 19:03:33&amp;apos;
System info: host: &amp;apos;LGVN11808&amp;apos;, ip: &amp;apos;192.168.172.75&amp;apos;, os.name: &amp;apos;Windows 7&amp;apos;, os.arch: &amp;apos;x86&amp;apos;, os.version: &amp;apos;6.1&amp;apos;, java.version: &amp;apos;1.8.0_91&amp;apos;
Driver info: driver.version: FirefoxDriver">
      <![CDATA[org.openqa.selenium.WebDriverException: Failed to connect to binary FirefoxBinary(C:\Program Files\Mozilla Firefox\firefox.exe) on port 7055; process output follows: 
sic/1.0","updateURL":null,"updateKey":null,"optionsURL":null,"optionsType":null,"aboutURL":null,"icons":{"32":"icon.png","48":"icon.png"},"iconURL":null,"icon64URL":null,"defaultLocale":{"name":"Default","description":"The default theme.","creator":"Mozilla","homepageURL":null,"contributors":["Mozilla Contributors"]},"visible":true,"active":true,"userDisabled":false,"appDisabled":false,"descriptor":"C:\\Program Files\\Mozilla Firefox\\browser\\extensions\\{972ce4c6-7e08-4474-a285-3208198ce6fd}.xpi","installDate":1463461971367,"updateDate":1463461971367,"applyBackgroundUpdates":1,"skinnable":true,"size":22012,"sourceURI":null,"releaseNotesURI":null,"softDisabled":false,"foreignInstall":false,"hasBinaryComponents":false,"strictCompatibility":true,"locales":[],"targetApplications":[{"id":"{ec8030f7-c20a-464f-9b0e-13a3a9e97384}","minVersion":"46.0.1","maxVersion":"46.0.1"}],"targetPlatforms":[],"seen":true}
1465554640787	addons.xpi	DEBUG	getModTime: Recursive scan of {972ce4c6-7e08-4474-a285-3208198ce6fd}
1465554640815	DeferredSave.extensions.json	DEBUG	Save changes
1465554640829	addons.xpi	DEBUG	Updating database with changes to installed add-ons
1465554640831	addons.xpi-utils	DEBUG	Updating add-on states
1465554640851	addons.xpi-utils	DEBUG	Writing add-ons list
1465554640908	addons.xpi	DEBUG	Registering manifest for C:\Program Files\Mozilla Firefox\browser\features\e10srollout@mozilla.org.xpi
1465554640912	addons.xpi	DEBUG	Calling bootstrap method startup on e10srollout@mozilla.org version 1.0
1465554640913	addons.xpi	DEBUG	Registering manifest for C:\Program Files\Mozilla Firefox\browser\features\firefox@getpocket.com.xpi
1465554640915	addons.xpi	DEBUG	Calling bootstrap method startup on firefox@getpocket.com version 1.0
1465554640921	addons.xpi	DEBUG	Registering manifest for C:\Program Files\Mozilla Firefox\browser\features\loop@mozilla.org.xpi
1465554640927	addons.xpi	DEBUG	Calling bootstrap method startup on loop@mozilla.org version 1.2.6
1465554641119	addons.manager	DEBUG	Registering shutdown blocker for XPIProvider
1465554641120	addons.manager	DEBUG	Provider finished startup: XPIProvider
1465554641120	addons.manager	DEBUG	Starting provider: LightweightThemeManager
1465554641121	addons.manager	DEBUG	Registering shutdown blocker for LightweightThemeManager
1465554641122	addons.manager	DEBUG	Provider finished startup: LightweightThemeManager
1465554641123	addons.manager	DEBUG	Starting provider: GMPProvider
1465554641152	addons.manager	DEBUG	Registering shutdown blocker for GMPProvider
1465554641153	addons.manager	DEBUG	Provider finished startup: GMPProvider
1465554641153	addons.manager	DEBUG	Starting provider: PluginProvider
1465554641155	addons.manager	DEBUG	Registering shutdown blocker for PluginProvider
1465554641157	addons.manager	DEBUG	Provider finished startup: PluginProvider
1465554641163	addons.manager	DEBUG	Completed startup sequence
1465554647879	addons.manager	DEBUG	Starting provider: <unnamed-provider>
1465554647879	addons.manager	DEBUG	Registering shutdown blocker for <unnamed-provider>
1465554647880	addons.manager	DEBUG	Provider finished startup: <unnamed-provider>
1465554652958	DeferredSave.extensions.json	DEBUG	Write succeeded
1465554652959	addons.xpi-utils	DEBUG	XPI Database saved, setting schema version preference to 17
1465554652961	DeferredSave.extensions.json	DEBUG	Starting timer
1465554653011	DeferredSave.extensions.json	DEBUG	Starting write
1465554653119	addons.repository	DEBUG	No addons.json found.
1465554653146	DeferredSave.addons.json	DEBUG	Save changes
1465554653182	DeferredSave.addons.json	DEBUG	Starting timer
1465554654326	addons.manager	DEBUG	Starting provider: PreviousExperimentProvider
1465554654331	addons.manager	DEBUG	Registering shutdown blocker for PreviousExperimentProvider
1465554654336	addons.manager	DEBUG	Provider finished startup: PreviousExperimentProvider
1465554654360	DeferredSave.addons.json	DEBUG	Starting write
1465554654480	DeferredSave.extensions.json	DEBUG	Write succeeded
1465554655083	DeferredSave.addons.json	DEBUG	Write succeeded

Build info: version: '2.52.0', revision: '4c2593c', time: '2016-02-11 19:03:33'
System info: host: 'LGVN11808', ip: '192.168.172.75', os.name: 'Windows 7', os.arch: 'x86', os.version: '6.1', java.version: '1.8.0_91'
Driver info: driver.version: FirefoxDriver
	at org.openqa.selenium.firefox.internal.NewProfileExtensionConnection.start(NewProfileExtensionConnection.java:124)
	at org.openqa.selenium.firefox.FirefoxDriver.startClient(FirefoxDriver.java:271)
	at org.openqa.selenium.remote.RemoteWebDriver.<init>(RemoteWebDriver.java:119)
	at org.openqa.selenium.firefox.FirefoxDriver.<init>(FirefoxDriver.java:218)
	at org.openqa.selenium.firefox.FirefoxDriver.<init>(FirefoxDriver.java:211)
	at org.openqa.selenium.firefox.FirefoxDriver.<init>(FirefoxDriver.java:207)
	at org.openqa.selenium.firefox.FirefoxDriver.<init>(FirefoxDriver.java:120)
	at TestNGOnePack.RecordTest.setup(RecordTest.java:40)
	at sun.reflect.NativeMethodAccessorImpl.invoke0(Native Method)
	at sun.reflect.NativeMethodAccessorImpl.invoke(Unknown Source)
	at sun.reflect.DelegatingMethodAccessorImpl.invoke(Unknown Source)
	at java.lang.reflect.Method.invoke(Unknown Source)
	at org.testng.internal.MethodInvocationHelper.invokeMethod(MethodInvocationHelper.java:86)
	at org.testng.internal.Invoker.invokeConfigurationMethod(Invoker.java:515)
	at org.testng.internal.Invoker.invokeConfigurations(Invoker.java:216)
	at org.testng.internal.Invoker.invokeConfigurations(Invoker.java:143)
	at org.testng.TestRunner.beforeRun(TestRunner.java:656)
	at org.testng.TestRunner.run(TestRunner.java:624)
	at org.testng.SuiteRunner.runTest(SuiteRunner.java:366)
	at org.testng.SuiteRunner.runSequentially(SuiteRunner.java:361)
	at org.testng.SuiteRunner.privateRun(SuiteRunner.java:319)
	at org.testng.SuiteRunner.run(SuiteRunner.java:268)
	at org.testng.SuiteRunnerWorker.runSuite(SuiteRunnerWorker.java:52)
	at org.testng.SuiteRunnerWorker.run(SuiteRunnerWorker.java:86)
	at org.testng.TestNG.runSuitesSequentially(TestNG.java:1225)
	at org.testng.TestNG.runSuitesLocally(TestNG.java:1150)
	at org.testng.TestNG.runSuites(TestNG.java:1075)
	at org.testng.TestNG.run(TestNG.java:1047)
	at org.testng.remote.AbstractRemoteTestNG.run(AbstractRemoteTestNG.java:126)
	at org.testng.remote.RemoteTestNG.initAndRun(RemoteTestNG.java:137)
	at org.testng.remote.RemoteTestNG.main(RemoteTestNG.java:58)
Caused by: org.openqa.selenium.firefox.NotConnectedException: Unable to connect to host 127.0.0.1 on port 7055 after 45000 ms. Firefox console output:
sic/1.0","updateURL":null,"updateKey":null,"optionsURL":null,"optionsType":null,"aboutURL":null,"icons":{"32":"icon.png","48":"icon.png"},"iconURL":null,"icon64URL":null,"defaultLocale":{"name":"Default","description":"The default theme.","creator":"Mozilla","homepageURL":null,"contributors":["Mozilla Contributors"]},"visible":true,"active":true,"userDisabled":false,"appDisabled":false,"descriptor":"C:\\Program Files\\Mozilla Firefox\\browser\\extensions\\{972ce4c6-7e08-4474-a285-3208198ce6fd}.xpi","installDate":1463461971367,"updateDate":1463461971367,"applyBackgroundUpdates":1,"skinnable":true,"size":22012,"sourceURI":null,"releaseNotesURI":null,"softDisabled":false,"foreignInstall":false,"hasBinaryComponents":false,"strictCompatibility":true,"locales":[],"targetApplications":[{"id":"{ec8030f7-c20a-464f-9b0e-13a3a9e97384}","minVersion":"46.0.1","maxVersion":"46.0.1"}],"targetPlatforms":[],"seen":true}
1465554640787	addons.xpi	DEBUG	getModTime: Recursive scan of {972ce4c6-7e08-4474-a285-3208198ce6fd}
1465554640815	DeferredSave.extensions.json	DEBUG	Save changes
1465554640829	addons.xpi	DEBUG	Updating database with changes to installed add-ons
1465554640831	addons.xpi-utils	DEBUG	Updating add-on states
1465554640851	addons.xpi-utils	DEBUG	Writing add-ons list
1465554640908	addons.xpi	DEBUG	Registering manifest for C:\Program Files\Mozilla Firefox\browser\features\e10srollout@mozilla.org.xpi
1465554640912	addons.xpi	DEBUG	Calling bootstrap method startup on e10srollout@mozilla.org version 1.0
1465554640913	addons.xpi	DEBUG	Registering manifest for C:\Program Files\Mozilla Firefox\browser\features\firefox@getpocket.com.xpi
1465554640915	addons.xpi	DEBUG	Calling bootstrap method startup on firefox@getpocket.com version 1.0
1465554640921	addons.xpi	DEBUG	Registering manifest for C:\Program Files\Mozilla Firefox\browser\features\loop@mozilla.org.xpi
1465554640927	addons.xpi	DEBUG	Calling bootstrap method startup on loop@mozilla.org version 1.2.6
1465554641119	addons.manager	DEBUG	Registering shutdown blocker for XPIProvider
1465554641120	addons.manager	DEBUG	Provider finished startup: XPIProvider
1465554641120	addons.manager	DEBUG	Starting provider: LightweightThemeManager
1465554641121	addons.manager	DEBUG	Registering shutdown blocker for LightweightThemeManager
1465554641122	addons.manager	DEBUG	Provider finished startup: LightweightThemeManager
1465554641123	addons.manager	DEBUG	Starting provider: GMPProvider
1465554641152	addons.manager	DEBUG	Registering shutdown blocker for GMPProvider
1465554641153	addons.manager	DEBUG	Provider finished startup: GMPProvider
1465554641153	addons.manager	DEBUG	Starting provider: PluginProvider
1465554641155	addons.manager	DEBUG	Registering shutdown blocker for PluginProvider
1465554641157	addons.manager	DEBUG	Provider finished startup: PluginProvider
1465554641163	addons.manager	DEBUG	Completed startup sequence
1465554647879	addons.manager	DEBUG	Starting provider: <unnamed-provider>
1465554647879	addons.manager	DEBUG	Registering shutdown blocker for <unnamed-provider>
1465554647880	addons.manager	DEBUG	Provider finished startup: <unnamed-provider>
1465554652958	DeferredSave.extensions.json	DEBUG	Write succeeded
1465554652959	addons.xpi-utils	DEBUG	XPI Database saved, setting schema version preference to 17
1465554652961	DeferredSave.extensions.json	DEBUG	Starting timer
1465554653011	DeferredSave.extensions.json	DEBUG	Starting write
1465554653119	addons.repository	DEBUG	No addons.json found.
1465554653146	DeferredSave.addons.json	DEBUG	Save changes
1465554653182	DeferredSave.addons.json	DEBUG	Starting timer
1465554654326	addons.manager	DEBUG	Starting provider: PreviousExperimentProvider
1465554654331	addons.manager	DEBUG	Registering shutdown blocker for PreviousExperimentProvider
1465554654336	addons.manager	DEBUG	Provider finished startup: PreviousExperimentProvider
1465554654360	DeferredSave.addons.json	DEBUG	Starting write
1465554654480	DeferredSave.extensions.json	DEBUG	Write succeeded
1465554655083	DeferredSave.addons.json	DEBUG	Write succeeded

	at org.openqa.selenium.firefox.internal.NewProfileExtensionConnection.start(NewProfileExtensionConnection.java:112)
	... 30 more
]]>
    </failure>
  </testcase> <!-- @BeforeTest setup -->
  <testcase name="@AfterTest closeweb" time="0.0" classname="TestNGOnePack.RecordTest">
    <skipped/>
  </testcase> <!-- @AfterTest closeweb -->
  <testcase name="getscrollstatus" time="0.005" classname="TestNGOnePack.RecordTest">
    <skipped/>
  </testcase> <!-- getscrollstatus -->
</testsuite> <!-- Default test -->
