<?xml version="1.0" encoding="UTF-8"?>
<!-- Generated by org.testng.reporters.JUnitXMLReporter -->
<testsuite hostname="Dat" name="Simple Skip Test" tests="4" failures="0" timestamp="3 May 2016 16:01:56 GMT" time="28.947" errors="0">
  <testcase name="Login_Test" time="2.195" classname="TestNGOnePack.Sample_Login"/>
  <testcase name="Login_Test" time="5.321" classname="TestNGOnePack.Sample_Login"/>
  <testcase name="Login_Test" time="6.111" classname="TestNGOnePack.Sample_Login"/>
  <testcase name="Login_Test" time="5.718" classname="TestNGOnePack.Sample_Login"/>
</testsuite> <!-- Simple Skip Test -->
