<?xml version="1.0" encoding="UTF-8"?>
<!-- Generated by org.testng.reporters.JUnitXMLReporter -->
<testsuite hostname="LGVN11808" name="Simple Skip Test" tests="3" failures="1" timestamp="13 May 2016 03:46:40 GMT" time="5.92" errors="0">
  <testcase name="assertion_method_1" time="0.495" classname="TestNGOnePack.ClassTwo">
    <failure type="java.lang.AssertionError" message="Expected and actual match in assertion_method_1">
      <![CDATA[java.lang.AssertionError: Expected and actual match in assertion_method_1
	at TestNGOnePack.ClassTwo.assertion_method_1(ClassTwo.java:33)
... Removed 27 stack frames]]>
    </failure>
  </testcase> <!-- assertion_method_1 -->
  <testcase name="assertion_method_2" time="0.019" classname="TestNGOnePack.ClassTwo"/>
  <testcase name="verification_method" time="0.13" classname="TestNGOnePack.ClassTwo"/>
</testsuite> <!-- Simple Skip Test -->
