<?xml version="1.0" encoding="UTF-8"?>
<!-- Generated by org.testng.reporters.JUnitXMLReporter -->
<testsuite hostname="Dat" name="Test One" tests="4" failures="0" timestamp="3 May 2016 15:52:35 GMT" time="29.415" errors="0">
  <testcase name="Login_Test" time="2.498" classname="TestNGOnePack.Sample_Login"/>
  <testcase name="Login_Test" time="5.65" classname="TestNGOnePack.Sample_Login"/>
  <testcase name="Login_Test" time="5.447" classname="TestNGOnePack.Sample_Login"/>
  <testcase name="Login_Test" time="6.335" classname="TestNGOnePack.Sample_Login"/>
</testsuite> <!-- Test One -->
